<?xml version="1.0" encoding="UTF-8" standalone="no"?>
<testsuite failures="3" name="cucumber.runtime.formatter.JUnitFormatter" skipped="0" tests="6" time="692.395054">
<testcase classname="Business Grants Portal - Get new grant" name="Get new grant - Verify warning message in Eligibility section" time="45.350239">
<failure message="java.lang.AssertionError: Expected warning message: 'Visit Smart Advisor on the SME Portal for more information on other government assistance.' is not displayed. did not expect to find [true] but found [false]&#13;&#10;&#9;at org.testng.Assert.fail(Assert.java:97)&#13;&#10;&#9;at org.testng.Assert.failNotEquals(Assert.java:969)&#13;&#10;&#9;at org.testng.Assert.assertTrue(Assert.java:43)&#13;&#10;&#9;at pageObjects.MyGrantsPage.ensureWarnMsgVisitSmartAdvisor(MyGrantsPage.java:313)&#13;&#10;&#9;at stepDefinitions.GetNewGrantSteps.ensure_warning_message_is_displayed_on_selecting_No_for_any_of_the_questions(GetNewGrantSteps.java:47)&#13;&#10;&#9;at ✽.Ensure visit smart advisor warning message is displayed on selecting No for any of the questions(src/test/resources/features/GetNewGrant.feature:10)&#13;&#10;"><![CDATA[Given Launch Business Grants Portal.........................................passed
When Login with NRIC "S1234567A", username "Tan ah Kow", UEN "BGPQEDEMO", Role "Acceptor".passed
And Proceed to get new grant................................................passed
And Ensure visit smart advisor warning message is displayed on selecting No for any of the questions.failed
Then Clicking the link in the warning message will launch a website in another window tab.skipped

StackTrace:
java.lang.AssertionError: Expected warning message: 'Visit Smart Advisor on the SME Portal for more information on other government assistance.' is not displayed. did not expect to find [true] but found [false]
	at org.testng.Assert.fail(Assert.java:97)
	at org.testng.Assert.failNotEquals(Assert.java:969)
	at org.testng.Assert.assertTrue(Assert.java:43)
	at pageObjects.MyGrantsPage.ensureWarnMsgVisitSmartAdvisor(MyGrantsPage.java:313)
	at stepDefinitions.GetNewGrantSteps.ensure_warning_message_is_displayed_on_selecting_No_for_any_of_the_questions(GetNewGrantSteps.java:47)
	at ✽.Ensure visit smart advisor warning message is displayed on selecting No for any of the questions(src/test/resources/features/GetNewGrant.feature:10)
]]></failure>
</testcase>
<testcase classname="Business Grants Portal - Get new grant" name="Get new grant - Complete filling the Eligibility details" time="110.578494">
<system-out><![CDATA[Given Launch Business Grants Portal.........................................passed
When Login with NRIC "S1234567A", username "Tan ah Kow", UEN "BGPQEDEMO", Role "Acceptor".passed
And Proceed to get new grant................................................passed
And Complete filling the eligibility details by selecting yes for all questions.passed
And Click on save button....................................................passed
Then Refreshing the page should reload the saved values in eligibility section.passed
]]></system-out>
</testcase>
<testcase classname="Business Grants Portal - Get new grant" name="Get new grant - Verify auto-populate Mailing Address and Letter of Offer Addressee details" time="118.577555">
<system-out><![CDATA[Given Launch Business Grants Portal.........................................passed
When Login with NRIC "S1234567A", username "Tan ah Kow", UEN "BGPQEDEMO", Role "Acceptor".passed
And Proceed to get new grant................................................passed
And Complete filling the eligibility details by selecting yes for all questions.passed
And Click on save button....................................................passed
And Click on next button....................................................passed
And Enter contact person details name "Kousalya", job title "Test Engineer", contact number "12345678", email "kousalya@gmail.com", alternate email "kousal@gmail.com".passed
And Select same as registered address in Company Profile checkbox...........passed
Then Verify auto-populate Mailing Address details...........................passed
And Select same as main contact person details..............................passed
Then Verify auto-populate Letter of Offer Addressee details.................passed
]]></system-out>
</testcase>
<testcase classname="Business Grants Portal - Get new grant" name="Get new grant - Search mailing address with the postal code and verify auto-populated details" time="199.771898">
<system-out><![CDATA[Given Launch Business Grants Portal.........................................passed
When Login with NRIC "S1234567A", username "Tan ah Kow", UEN "BGPQEDEMO", Role "Acceptor".passed
And Proceed to get new grant................................................passed
And Complete filling the eligibility details by selecting yes for all questions.passed
And Click on save button....................................................passed
And Click on next button....................................................passed
And Enter contact person details name "Kousalya", job title "Test Engineer", contact number "12345678", email "kousalya@gmail.com", alternate email "kousal@gmail.com".passed
And Search mailing address with the postal code "530439"....................passed
Then Verify auto-populate Mailing Address details...........................passed
And Select same as main contact person details..............................passed
Then Verify auto-populate Letter of Offer Addressee details.................passed
And Click on save button....................................................passed
And Refreshing the page should reload the saved values in Contact Details section.passed
]]></system-out>
</testcase>
<testcase classname="Business Grants Portal - Get new grant" name="Get new grant - Verify redirect to the section with the missing details and error numbers are shown in the sidebar" time="41.984779">
<failure message="org.openqa.selenium.UnhandledAlertException: unexpected alert open: {Alert text : Page outdated. Do you want to refresh?}&#10;  (Session info: chrome=83.0.4103.97): Page outdated. Do you want to refresh?&#10;Build info: version: '4.0.0-alpha-3', revision: '8c567de6dc'&#10;System info: host: 'ITEM-S76291', ip: '192.168.1.110', os.name: 'Windows 10', os.arch: 'amd64', os.version: '10.0', java.version: '1.8.0_241'&#10;Driver info: org.openqa.selenium.chrome.ChromeDriver&#10;Capabilities {acceptInsecureCerts: false, browserName: chrome, browserVersion: 83.0.4103.97, chrome: {chromedriverVersion: 83.0.4103.39 (ccbf011cb2d2b..., userDataDir: C:\Users\KKANIK~1\AppData\L...}, goog:chromeOptions: {debuggerAddress: localhost:65187}, javascriptEnabled: true, networkConnectionEnabled: false, pageLoadStrategy: normal, platform: WINDOWS, platformName: WINDOWS, proxy: Proxy(), setWindowRect: true, strictFileInteractability: false, timeouts: {implicit: 0, pageLoad: 300000, script: 30000}, unhandledPromptBehavior: dismiss and notify, webauthn:virtualAuthenticators: true}&#10;Session ID: aef5bb8622982cf74f457730ab5ce8f1&#10;*** Element info: {Using=xpath, value=//h2[text()='Check Your Eligibility']}&#13;&#10;&#9;at org.openqa.selenium.remote.codec.w3c.W3CHttpResponseCodec.decode(W3CHttpResponseCodec.java:123)&#13;&#10;&#9;at org.openqa.selenium.remote.codec.w3c.W3CHttpResponseCodec.decode(W3CHttpResponseCodec.java:52)&#13;&#10;&#9;at org.openqa.selenium.remote.HttpCommandExecutor.execute(HttpCommandExecutor.java:161)&#13;&#10;&#9;at org.openqa.selenium.remote.service.DriverCommandExecutor.execute(DriverCommandExecutor.java:83)&#13;&#10;&#9;at org.openqa.selenium.remote.RemoteWebDriver.execute(RemoteWebDriver.java:576)&#13;&#10;&#9;at org.openqa.selenium.remote.RemoteWebDriver.findElement(RemoteWebDriver.java:327)&#13;&#10;&#9;at org.openqa.selenium.remote.RemoteWebDriver.findElementByXPath(RemoteWebDriver.java:445)&#13;&#10;&#9;at org.openqa.selenium.By$ByXPath.findElement(By.java:396)&#13;&#10;&#9;at org.openqa.selenium.remote.RemoteWebDriver.findElement(RemoteWebDriver.java:319)&#13;&#10;&#9;at org.openqa.selenium.support.pagefactory.DefaultElementLocator.findElement(DefaultElementLocator.java:70)&#13;&#10;&#9;at org.openqa.selenium.support.pagefactory.internal.LocatingElementHandler.invoke(LocatingElementHandler.java:39)&#13;&#10;&#9;at com.sun.proxy.$Proxy16.isDisplayed(Unknown Source)&#13;&#10;&#9;at org.openqa.selenium.support.ui.ExpectedConditions.elementIfVisible(ExpectedConditions.java:314)&#13;&#10;&#9;at org.openqa.selenium.support.ui.ExpectedConditions.access$000(ExpectedConditions.java:43)&#13;&#10;&#9;at org.openqa.selenium.support.ui.ExpectedConditions$10.apply(ExpectedConditions.java:300)&#13;&#10;&#9;at org.openqa.selenium.support.ui.ExpectedConditions$10.apply(ExpectedConditions.java:297)&#13;&#10;&#9;at org.openqa.selenium.support.ui.FluentWait.until(FluentWait.java:211)&#13;&#10;&#9;at utilities.ElementFactory.waitUntilVisible(ElementFactory.java:110)&#13;&#10;&#9;at pageObjects.MyGrantsPage.verifyRedirectSectionMissingDetails(MyGrantsPage.java:495)&#13;&#10;&#9;at stepDefinitions.GetNewGrantSteps.verify_redirect_to_the_section_with_the_missing_details(GetNewGrantSteps.java:122)&#13;&#10;&#9;at ✽.Verify redirect to the section with the missing details(src/test/resources/features/GetNewGrant.feature:63)&#13;&#10;"><![CDATA[Given Launch Business Grants Portal.........................................passed
When Login with NRIC "S1234567A", username "Tan ah Kow", UEN "BGPQEDEMO", Role "Acceptor".passed
And Proceed to get new grant................................................passed
And Click on Declare and Review section.....................................passed
And Click on review button..................................................passed
Then Verify redirect to the section with the missing details................failed
And Verify error numbers are shown in the sidebar...........................skipped

StackTrace:
org.openqa.selenium.UnhandledAlertException: unexpected alert open: {Alert text : Page outdated. Do you want to refresh?}
  (Session info: chrome=83.0.4103.97): Page outdated. Do you want to refresh?
Build info: version: '4.0.0-alpha-3', revision: '8c567de6dc'
System info: host: 'ITEM-S76291', ip: '192.168.1.110', os.name: 'Windows 10', os.arch: 'amd64', os.version: '10.0', java.version: '1.8.0_241'
Driver info: org.openqa.selenium.chrome.ChromeDriver
Capabilities {acceptInsecureCerts: false, browserName: chrome, browserVersion: 83.0.4103.97, chrome: {chromedriverVersion: 83.0.4103.39 (ccbf011cb2d2b..., userDataDir: C:\Users\KKANIK~1\AppData\L...}, goog:chromeOptions: {debuggerAddress: localhost:65187}, javascriptEnabled: true, networkConnectionEnabled: false, pageLoadStrategy: normal, platform: WINDOWS, platformName: WINDOWS, proxy: Proxy(), setWindowRect: true, strictFileInteractability: false, timeouts: {implicit: 0, pageLoad: 300000, script: 30000}, unhandledPromptBehavior: dismiss and notify, webauthn:virtualAuthenticators: true}
Session ID: aef5bb8622982cf74f457730ab5ce8f1
*** Element info: {Using=xpath, value=//h2[text()='Check Your Eligibility']}
	at org.openqa.selenium.remote.codec.w3c.W3CHttpResponseCodec.decode(W3CHttpResponseCodec.java:123)
	at org.openqa.selenium.remote.codec.w3c.W3CHttpResponseCodec.decode(W3CHttpResponseCodec.java:52)
	at org.openqa.selenium.remote.HttpCommandExecutor.execute(HttpCommandExecutor.java:161)
	at org.openqa.selenium.remote.service.DriverCommandExecutor.execute(DriverCommandExecutor.java:83)
	at org.openqa.selenium.remote.RemoteWebDriver.execute(RemoteWebDriver.java:576)
	at org.openqa.selenium.remote.RemoteWebDriver.findElement(RemoteWebDriver.java:327)
	at org.openqa.selenium.remote.RemoteWebDriver.findElementByXPath(RemoteWebDriver.java:445)
	at org.openqa.selenium.By$ByXPath.findElement(By.java:396)
	at org.openqa.selenium.remote.RemoteWebDriver.findElement(RemoteWebDriver.java:319)
	at org.openqa.selenium.support.pagefactory.DefaultElementLocator.findElement(DefaultElementLocator.java:70)
	at org.openqa.selenium.support.pagefactory.internal.LocatingElementHandler.invoke(LocatingElementHandler.java:39)
	at com.sun.proxy.$Proxy16.isDisplayed(Unknown Source)
	at org.openqa.selenium.support.ui.ExpectedConditions.elementIfVisible(ExpectedConditions.java:314)
	at org.openqa.selenium.support.ui.ExpectedConditions.access$000(ExpectedConditions.java:43)
	at org.openqa.selenium.support.ui.ExpectedConditions$10.apply(ExpectedConditions.java:300)
	at org.openqa.selenium.support.ui.ExpectedConditions$10.apply(ExpectedConditions.java:297)
	at org.openqa.selenium.support.ui.FluentWait.until(FluentWait.java:211)
	at utilities.ElementFactory.waitUntilVisible(ElementFactory.java:110)
	at pageObjects.MyGrantsPage.verifyRedirectSectionMissingDetails(MyGrantsPage.java:495)
	at stepDefinitions.GetNewGrantSteps.verify_redirect_to_the_section_with_the_missing_details(GetNewGrantSteps.java:122)
	at ✽.Verify redirect to the section with the missing details(src/test/resources/features/GetNewGrant.feature:63)
]]></failure>
</testcase>
<testcase classname="Business Grants Portal - Get new grant" name="Get new grant - Submit Application" time="176.132089">
<failure message="org.openqa.selenium.InvalidElementStateException: invalid element state&#10;  (Session info: chrome=83.0.4103.97)&#10;Build info: version: '4.0.0-alpha-3', revision: '8c567de6dc'&#10;System info: host: 'ITEM-S76291', ip: '192.168.1.110', os.name: 'Windows 10', os.arch: 'amd64', os.version: '10.0', java.version: '1.8.0_241'&#10;Driver info: org.openqa.selenium.chrome.ChromeDriver&#10;Capabilities {acceptInsecureCerts: false, browserName: chrome, browserVersion: 83.0.4103.97, chrome: {chromedriverVersion: 83.0.4103.39 (ccbf011cb2d2b..., userDataDir: C:\Users\KKANIK~1\AppData\L...}, goog:chromeOptions: {debuggerAddress: localhost:65241}, javascriptEnabled: true, networkConnectionEnabled: false, pageLoadStrategy: normal, platform: WINDOWS, platformName: WINDOWS, proxy: Proxy(), setWindowRect: true, strictFileInteractability: false, timeouts: {implicit: 0, pageLoad: 300000, script: 30000}, unhandledPromptBehavior: dismiss and notify, webauthn:virtualAuthenticators: true}&#10;Session ID: fcea97e2f42f1177bf92e3756ab4966b&#13;&#10;&#9;at sun.reflect.NativeConstructorAccessorImpl.newInstance0(Native Method)&#13;&#10;&#9;at sun.reflect.NativeConstructorAccessorImpl.newInstance(NativeConstructorAccessorImpl.java:62)&#13;&#10;&#9;at sun.reflect.DelegatingConstructorAccessorImpl.newInstance(DelegatingConstructorAccessorImpl.java:45)&#13;&#10;&#9;at java.lang.reflect.Constructor.newInstance(Constructor.java:423)&#13;&#10;&#9;at org.openqa.selenium.remote.codec.w3c.W3CHttpResponseCodec.createException(W3CHttpResponseCodec.java:191)&#13;&#10;&#9;at org.openqa.selenium.remote.codec.w3c.W3CHttpResponseCodec.decode(W3CHttpResponseCodec.java:125)&#13;&#10;&#9;at org.openqa.selenium.remote.codec.w3c.W3CHttpResponseCodec.decode(W3CHttpResponseCodec.java:52)&#13;&#10;&#9;at org.openqa.selenium.remote.HttpCommandExecutor.execute(HttpCommandExecutor.java:161)&#13;&#10;&#9;at org.openqa.selenium.remote.service.DriverCommandExecutor.execute(DriverCommandExecutor.java:83)&#13;&#10;&#9;at org.openqa.selenium.remote.RemoteWebDriver.execute(RemoteWebDriver.java:576)&#13;&#10;&#9;at org.openqa.selenium.remote.RemoteWebElement.execute(RemoteWebElement.java:308)&#13;&#10;&#9;at org.openqa.selenium.remote.RemoteWebElement.clear(RemoteWebElement.java:126)&#13;&#10;&#9;at sun.reflect.GeneratedMethodAccessor6.invoke(Unknown Source)&#13;&#10;&#9;at sun.reflect.DelegatingMethodAccessorImpl.invoke(DelegatingMethodAccessorImpl.java:43)&#13;&#10;&#9;at java.lang.reflect.Method.invoke(Method.java:498)&#13;&#10;&#9;at org.openqa.selenium.support.pagefactory.internal.LocatingElementHandler.invoke(LocatingElementHandler.java:52)&#13;&#10;&#9;at com.sun.proxy.$Proxy16.clear(Unknown Source)&#13;&#10;&#9;at utilities.ElementFactory.enterTextBox(ElementFactory.java:45)&#13;&#10;&#9;at pageObjects.MyGrantsPage.selectActivityTargetMarket(MyGrantsPage.java:404)&#13;&#10;&#9;at stepDefinitions.GetNewGrantSteps.select_Activity_and_Target_market(GetNewGrantSteps.java:138)&#13;&#10;&#9;at ✽.Select Activity &quot;FTA Consultancy&quot; and Target market &quot;India&quot;(src/test/resources/features/GetNewGrant.feature:81)&#13;&#10;"><![CDATA[Given Launch Business Grants Portal.........................................passed
When Login with NRIC "S1234567A", username "Tan ah Kow", UEN "BGPQEDEMO", Role "Acceptor".passed
And Proceed to get new grant................................................passed
And Complete filling the eligibility details by selecting yes for all questions.passed
And Click on save button....................................................passed
And Click on next button....................................................passed
And Enter contact person details name "Kousalya", job title "Test Engineer", contact number "12345678", email "kousalya@gmail.com", alternate email "kousal@gmail.com".passed
And Search mailing address with the postal code "530439"....................passed
Then Verify auto-populate Mailing Address details...........................passed
And Select same as main contact person details..............................passed
Then Verify auto-populate Letter of Offer Addressee details.................passed
And Click on save button....................................................passed
And Click on next button....................................................passed
And Enter Proposal section details project title "Title", start date "01 Jul 2020", end date "30 Nov 2020", project description "Test Project Desc".passed
And Select Activity "FTA Consultancy" and Target market "India".............failed
And Select yes for first time expanding outside Singapore...................skipped
And Click on save button....................................................skipped
And Click on next button....................................................skipped
And Select FY end date "31 Dec 2020"........................................skipped
And Enter Overseas sales details sales one "10", sales two "20", sales three "30", sales four "40".skipped
And Enter Overseas investments details investments one "11", investments two "22", investments three "43", investments four "44".skipped
And Enter Rationale for projections "Test rationale for projections" and non tangible benefits "Test benefits".skipped
And Click on save button....................................................skipped
And Click on next button....................................................skipped
And Complete filling the Cost section details name "Kousalya", designation "Test Engineer", nricPassportNum "P1234567", nationlity "India", roleInProject "Tester", projectInvolvement "Hundred percentage", monthlySalary "200".skipped
And Click on save button....................................................skipped
And Click on next button....................................................skipped
And Select no for declare and acknowledgement terms.........................skipped
And Select Yes for comply all govt rules....................................skipped
And Click on Consent and Acknowledgement checkbox...........................skipped
And Click on review button..................................................skipped
Then Submit application and ensure..........................................skipped
And Ensure My Grants dasboard shows the application under processing tab....skipped

StackTrace:
org.openqa.selenium.InvalidElementStateException: invalid element state
  (Session info: chrome=83.0.4103.97)
Build info: version: '4.0.0-alpha-3', revision: '8c567de6dc'
System info: host: 'ITEM-S76291', ip: '192.168.1.110', os.name: 'Windows 10', os.arch: 'amd64', os.version: '10.0', java.version: '1.8.0_241'
Driver info: org.openqa.selenium.chrome.ChromeDriver
Capabilities {acceptInsecureCerts: false, browserName: chrome, browserVersion: 83.0.4103.97, chrome: {chromedriverVersion: 83.0.4103.39 (ccbf011cb2d2b..., userDataDir: C:\Users\KKANIK~1\AppData\L...}, goog:chromeOptions: {debuggerAddress: localhost:65241}, javascriptEnabled: true, networkConnectionEnabled: false, pageLoadStrategy: normal, platform: WINDOWS, platformName: WINDOWS, proxy: Proxy(), setWindowRect: true, strictFileInteractability: false, timeouts: {implicit: 0, pageLoad: 300000, script: 30000}, unhandledPromptBehavior: dismiss and notify, webauthn:virtualAuthenticators: true}
Session ID: fcea97e2f42f1177bf92e3756ab4966b
	at sun.reflect.NativeConstructorAccessorImpl.newInstance0(Native Method)
	at sun.reflect.NativeConstructorAccessorImpl.newInstance(NativeConstructorAccessorImpl.java:62)
	at sun.reflect.DelegatingConstructorAccessorImpl.newInstance(DelegatingConstructorAccessorImpl.java:45)
	at java.lang.reflect.Constructor.newInstance(Constructor.java:423)
	at org.openqa.selenium.remote.codec.w3c.W3CHttpResponseCodec.createException(W3CHttpResponseCodec.java:191)
	at org.openqa.selenium.remote.codec.w3c.W3CHttpResponseCodec.decode(W3CHttpResponseCodec.java:125)
	at org.openqa.selenium.remote.codec.w3c.W3CHttpResponseCodec.decode(W3CHttpResponseCodec.java:52)
	at org.openqa.selenium.remote.HttpCommandExecutor.execute(HttpCommandExecutor.java:161)
	at org.openqa.selenium.remote.service.DriverCommandExecutor.execute(DriverCommandExecutor.java:83)
	at org.openqa.selenium.remote.RemoteWebDriver.execute(RemoteWebDriver.java:576)
	at org.openqa.selenium.remote.RemoteWebElement.execute(RemoteWebElement.java:308)
	at org.openqa.selenium.remote.RemoteWebElement.clear(RemoteWebElement.java:126)
	at sun.reflect.GeneratedMethodAccessor6.invoke(Unknown Source)
	at sun.reflect.DelegatingMethodAccessorImpl.invoke(DelegatingMethodAccessorImpl.java:43)
	at java.lang.reflect.Method.invoke(Method.java:498)
	at org.openqa.selenium.support.pagefactory.internal.LocatingElementHandler.invoke(LocatingElementHandler.java:52)
	at com.sun.proxy.$Proxy16.clear(Unknown Source)
	at utilities.ElementFactory.enterTextBox(ElementFactory.java:45)
	at pageObjects.MyGrantsPage.selectActivityTargetMarket(MyGrantsPage.java:404)
	at stepDefinitions.GetNewGrantSteps.select_Activity_and_Target_market(GetNewGrantSteps.java:138)
	at ✽.Select Activity "FTA Consultancy" and Target market "India"(src/test/resources/features/GetNewGrant.feature:81)
]]></failure>
</testcase>
</testsuite>
